Buildfile: /opt/app/DevTest/LisaMatchesReport/LMR/build.xml

LMRRead:
     [echo] "qay_slid_184021"
     [echo] ${JAVA_HOME}
     [java] Inside processFiles JAVA HOME.../opt/app/DevTest/JAVA/jdk1.8.0_172/jre
     [java] *********************************  getPropertiesPath():/opt/app/DevTest/JAVA/jdk1.8.0_172/jre/LMR_Properties/LMR_Unix.properties
     [java] CSI_051518
     [java] TLG_051518
     [java] LDAP_051518
     [java] DME2Helper_051518
     [java] ENABLER_051518
     [java] TGUARD_VAL_051518
     [java] TGUARD_GEN_051518
     [java] LISA_HOME not specified, so we will assume it based on current directory.
     [java] LISA_HOME set to /opt/app/DevTest/LisaMatchesReport/LMR/
     [java] LISA temporary directory is /home/ss748q/lisatmp_6.0.9
     [java] 2018-06-25 10:30:29,625 [main] DEBUG com.itko.lisa.test.TestEventMgr - Got an event Cycle initialized but there are no listeners!
     [java] 2018-06-25 10:30:29,626 [main] DEBUG com.itko.lisa.test.TestExec - TestExec initialized! robot=0<BR>
     [java] instance=1<BR>
     [java] testCaseId=38386235643130332D386161632D3461<BR>
     [java] testCase=Test Case<BR>
     [java] 
     [java] 2018-06-25 10:30:29,661 [main] DEBUG com.itko.util.ThreadedEventSink - Added thread to pool, size is now: 1
     [java] 2018-06-25 10:30:29,661 [main] DEBUG com.itko.util.ThreadedEventSink - Added thread to pool, size is now: 2
     [java] 2018-06-25 10:30:29,852 [main] INFO  com.itko.lisa.test.Environment - Txid Matches Specifics====>8545
     [java] Txid Matches Specifics====>8545
     [java] 2018-06-25 10:30:29,876 [main] INFO  com.itko.lisa.test.Environment - 12345   ENABLER_051518
     [java] 12345   ENABLER_051518
     [java] 2018-06-25 10:30:30,709 [main] INFO  com.itko.lisa.test.Environment - Txid Matches Specifics====>21446
     [java] Txid Matches Specifics====>21446
     [java] 2018-06-25 10:30:30,712 [main] INFO  com.itko.lisa.test.Environment - 12345   TLG_051518
     [java] 12345   TLG_051518
     [java] 2018-06-25 10:30:31,032 [main] INFO  com.itko.lisa.test.Environment - Txid Matches ====>11571
     [java] Txid Matches ====>11571
     [java] 2018-06-25 10:30:31,235 [main] INFO  com.itko.lisa.test.Environment - Txid Matches Specifics====>9772
     [java] Txid Matches Specifics====>9772
     [java] 2018-06-25 10:30:31,248 [main] INFO  com.itko.lisa.test.Environment - 12345   LDAP_051518
     [java] 12345   LDAP_051518
     [java] 2018-06-25 10:30:31,282 [main] INFO  com.itko.lisa.test.Environment - Txid Matches Specifics====>3
     [java] Txid Matches Specifics====>3
     [java] 2018-06-25 10:30:31,287 [main] INFO  com.itko.lisa.test.Environment - 12345   TGUARD_GEN_051518
     [java] 12345   TGUARD_GEN_051518
     [java] 2018-06-25 10:30:32,154 [main] INFO  com.itko.lisa.test.Environment - Txid Matches Specifics====>48
     [java] Txid Matches Specifics====>48
     [java] 2018-06-25 10:30:32,156 [main] INFO  com.itko.lisa.test.Environment - 12345   TGUARD_VAL_051518
     [java] 12345   TGUARD_VAL_051518

BUILD SUCCESSFUL
Total time: 3 seconds
